Using pre-set license
Built from '2020.2/release' branch; Version is '2020.2.1f1 (270dd8c3da1c) revision 2559448'; Using compiler version '192528614'; Build Type 'Release'
OS: 'Windows 10  (10.0.0) 64bit' Language: 'es' Physical Memory: 32691 MB
BatchMode: 1, IsHumanControllingUs: 0, StartBugReporterOnCrash: 0, Is64bit: 1, IsPro: 0

 COMMAND LINE ARGUMENTS:
C:\Program Files\Unity\Hub\Editor\2020.2.1f1\Editor\Unity.exe
-adb2
-batchMode
-noUpm
-name
AssetImportWorker0
-projectPath
C:/Unity/brickcraft
-logFile
Logs/AssetImportWorker0.log
-srvPort
57535
Successfully changed project path to: C:/Unity/brickcraft
C:/Unity/brickcraft
Using Asset Import Pipeline V2.
Refreshing native plugins compatible for Editor in 271.45 ms, found 0 plugins.
Preloading 0 native plugins for Editor in 0.00 ms.
Initialize engine version: 2020.2.1f1 (270dd8c3da1c)
[Subsystems] Discovering subsystems at path C:/Program Files/Unity/Hub/Editor/2020.2.1f1/Editor/Data/Resources/UnitySubsystems
[Subsystems] Discovering subsystems at path C:/Unity/brickcraft/Assets
GfxDevice: creating device client; threaded=0
Direct3D:
    Version:  Direct3D 11.0 [level 11.1]
    Renderer: NVIDIA GeForce GTX 1080 (ID=0x1be0)
    Vendor:   
    VRAM:     8079 MB
    Driver:   27.21.14.6079
Initialize mono
Mono path[0] = 'C:/Program Files/Unity/Hub/Editor/2020.2.1f1/Editor/Data/Managed'
Mono path[1] = 'C:/Program Files/Unity/Hub/Editor/2020.2.1f1/Editor/Data/MonoBleedingEdge/lib/mono/unityjit'
Mono config path = 'C:/Program Files/Unity/Hub/Editor/2020.2.1f1/Editor/Data/MonoBleedingEdge/etc'
Using monoOptions --debugger-agent=transport=dt_socket,embedding=1,server=y,suspend=n,address=127.0.0.1:56980
Begin MonoManager ReloadAssembly
Registering precompiled unity dll's ...
Register platform support module: C:/Program Files/Unity/Hub/Editor/2020.2.1f1/Editor/Data/PlaybackEngines/WebGLSupport/UnityEditor.WebGL.Extensions.dll
Register platform support module: C:/Program Files/Unity/Hub/Editor/2020.2.1f1/Editor/Data/PlaybackEngines/WindowsStandaloneSupport/UnityEditor.WindowsStandalone.Extensions.dll
Registered in 0.006217 seconds.
Native extension for WindowsStandalone target not found
Native extension for WebGL target not found
Refreshing native plugins compatible for Editor in 205.12 ms, found 0 plugins.
Preloading 0 native plugins for Editor in 0.00 ms.
Invoked RoslynAnalysisRunner static constructor.
RoslynAnalysisRunner will not be running.
RoslynAnalysisRunner has terminated.
Mono: successfully reloaded assembly
- Completed reload, in  4.148 seconds
Platform modules already initialized, skipping
Registering precompiled user dll's ...
Registered in 0.004044 seconds.
Begin MonoManager ReloadAssembly
Native extension for WindowsStandalone target not found
Native extension for WebGL target not found
Refreshing native plugins compatible for Editor in 226.62 ms, found 0 plugins.
Preloading 0 native plugins for Editor in 0.00 ms.
Invoked RoslynAnalysisRunner static constructor.
RoslynAnalysisRunner will not be running.
RoslynAnalysisRunner has terminated.
HDRP Internally changed the storage of Cube Cookie to use Octahedral Projection inside the 2D Cookie Atlas. It is recommended that you increase the size of the 2D Cookie Atlas if your cookies no longer fit.
UnityEngine.StackTraceUtility:ExtractStackTrace ()
UnityEngine.DebugLogHandler:LogFormat (UnityEngine.LogType,UnityEngine.Object,string,object[])
UnityEngine.Logger:Log (UnityEngine.LogType,object)
UnityEngine.Debug:Log (object)
UnityEngine.Rendering.HighDefinition.HDRenderPipelineAsset/<>c:<.cctor>b__110_12 (UnityEngine.Rendering.HighDefinition.HDRenderPipelineAsset) (at Library/PackageCache/com.unity.render-pipelines.high-definition@10.2.2/Runtime/RenderPipeline/HDRenderPipelineAsset.Migration.cs:126)
UnityEngine.Rendering.HighDefinition.MigrationStep`2<UnityEngine.Rendering.HighDefinition.HDRenderPipelineAsset/Version, UnityEngine.Rendering.HighDefinition.HDRenderPipelineAsset>:Migrate (UnityEngine.Rendering.HighDefinition.HDRenderPipelineAsset) (at Library/PackageCache/com.unity.render-pipelines.high-definition@10.2.2/Runtime/Core/Migration/MigrationStep.cs:52)
UnityEngine.Rendering.HighDefinition.MigrationDescription`2<UnityEngine.Rendering.HighDefinition.HDRenderPipelineAsset/Version, UnityEngine.Rendering.HighDefinition.HDRenderPipelineAsset>:Migrate (UnityEngine.Rendering.HighDefinition.HDRenderPipelineAsset) (at Library/PackageCache/com.unity.render-pipelines.high-definition@10.2.2/Runtime/Core/Migration/MigrationDescription.cs:101)
UnityEngine.Rendering.HighDefinition.HDRenderPipelineAsset:OnEnable () (at Library/PackageCache/com.unity.render-pipelines.high-definition@10.2.2/Runtime/RenderPipeline/HDRenderPipelineAsset.Migration.cs:146)
UnityEngine.Rendering.GraphicsSettings:get_currentRenderPipeline ()
UnityEditor.Rendering.HighDefinition.HDBakedReflectionSystem:Initialize () (at Library/PackageCache/com.unity.render-pipelines.high-definition@10.2.2/Editor/Lighting/Reflection/HDBakedReflectionSystem.cs:42)

(Filename: Library/PackageCache/com.unity.render-pipelines.high-definition@10.2.2/Runtime/RenderPipeline/HDRenderPipelineAsset.Migration.cs Line: 126)

Mono: successfully reloaded assembly
- Completed reload, in  4.602 seconds
Platform modules already initialized, skipping
========================================================================
Worker process is ready to serve import requests
Launched and connected shader compiler UnityShaderCompiler.exe after 0.13 seconds
Refreshing native plugins compatible for Editor in 2.55 ms, found 0 plugins.
Preloading 0 native plugins for Editor in 0.00 ms.
Unloading 3311 Unused Serialized files (Serialized files now loaded: 0)
System memory in use before: 164.2 MB.
System memory in use after: 164.4 MB.

Unloading 10 unused Assets to reduce memory usage. Loaded Objects now: 3765.
Total: 78.044000 ms (FindLiveObjects: 30.190500 ms CreateObjectMapping: 31.500800 ms MarkObjects: 16.242900 ms  DeleteObjects: 0.106400 ms)

========================================================================
Received Import Request.
  path: Assets/Materials/BreakBrickAnimation.mat
  artifactKey: Guid(aae06c6982bc06e478cd12f31dca70a1) Importer(815301076,1909f56bfc062723c751e8b465ee728b)
Start importing Assets/Materials/BreakBrickAnimation.mat using Guid(aae06c6982bc06e478cd12f31dca70a1) Importer(815301076,1909f56bfc062723c751e8b465ee728b)  -> (artifact id: '1b85dacab4a95eef1bd7da9ef141d913') in 45.433412 seconds
  Import took 45.479676 seconds .

========================================================================
Received Prepare
Registering precompiled user dll's ...
Registered in 0.001650 seconds.
Begin MonoManager ReloadAssembly
Native extension for WindowsStandalone target not found
Native extension for WebGL target not found
Refreshing native plugins compatible for Editor in 0.49 ms, found 0 plugins.
Preloading 0 native plugins for Editor in 0.00 ms.
Invoked RoslynAnalysisRunner static constructor.
RoslynAnalysisRunner will not be running.
RoslynAnalysisRunner has terminated.
Mono: successfully reloaded assembly
- Completed reload, in  1.143 seconds
Platform modules already initialized, skipping
Refreshing native plugins compatible for Editor in 0.52 ms, found 0 plugins.
Preloading 0 native plugins for Editor in 0.00 ms.
Unloading 3051 Unused Serialized files (Serialized files now loaded: 0)
System memory in use before: 163.9 MB.
System memory in use after: 164.1 MB.

Unloading 5 unused Assets to reduce memory usage. Loaded Objects now: 3938.
Total: 2.579100 ms (FindLiveObjects: 0.322000 ms CreateObjectMapping: 0.165100 ms MarkObjects: 2.075100 ms  DeleteObjects: 0.015900 ms)

========================================================================
Received Import Request.
  Time since last request: 553.135806 seconds.
  path: Assets/Materials
  artifactKey: Guid(6afe061883373204092894bd72021554) Importer(815301076,1909f56bfc062723c751e8b465ee728b)
Start importing Assets/Materials using Guid(6afe061883373204092894bd72021554) Importer(815301076,1909f56bfc062723c751e8b465ee728b)  -> (artifact id: '3a1482bc2a74619210acbcc749d284a0') in 0.009695 seconds
  Import took 0.015062 seconds .

========================================================================
Received Import Request.
  Time since last request: 22.291379 seconds.
  path: Assets/Materials/TransparentMaterial.mat
  artifactKey: Guid(2b6141c78da789b438de63314812a2ac) Importer(815301076,1909f56bfc062723c751e8b465ee728b)
Start importing Assets/Materials/TransparentMaterial.mat using Guid(2b6141c78da789b438de63314812a2ac) Importer(815301076,1909f56bfc062723c751e8b465ee728b)  -> (artifact id: 'b1445ae8bfb79b2a66977aa25562f888') in 0.460444 seconds
  Import took 0.465181 seconds .

========================================================================
Received Import Request.
  Time since last request: 5.723840 seconds.
  path: Assets/Materials/BrickColors
  artifactKey: Guid(53d70cd15096cfb479f6ea5dbd1c7838) Importer(815301076,1909f56bfc062723c751e8b465ee728b)
Start importing Assets/Materials/BrickColors using Guid(53d70cd15096cfb479f6ea5dbd1c7838) Importer(815301076,1909f56bfc062723c751e8b465ee728b)  -> (artifact id: '0ce3d5a4fe14a785131df619f904e5e1') in 0.006950 seconds
  Import took 0.011402 seconds .

========================================================================
Received Import Request.
  Time since last request: 0.081344 seconds.
  path: Assets/Materials/BrickColors/Aqua.mat
  artifactKey: Guid(ff9f481ac73d3c447afd9f2c3ac1f216) Importer(815301076,1909f56bfc062723c751e8b465ee728b)
Start importing Assets/Materials/BrickColors/Aqua.mat using Guid(ff9f481ac73d3c447afd9f2c3ac1f216) Importer(815301076,1909f56bfc062723c751e8b465ee728b)  -> (artifact id: 'efa7ec57865eeebc6b90568506289532') in 0.027251 seconds
  Import took 0.032266 seconds .

========================================================================
Received Import Request.
  Time since last request: 0.000269 seconds.
  path: Assets/Materials/BrickColors/MediumNougat.mat
  artifactKey: Guid(de70de3151d8a9146a7491993b1246e4) Importer(815301076,1909f56bfc062723c751e8b465ee728b)
Start importing Assets/Materials/BrickColors/MediumNougat.mat using Guid(de70de3151d8a9146a7491993b1246e4) Importer(815301076,1909f56bfc062723c751e8b465ee728b)  -> (artifact id: 'ef050c458539c55399611ce79be6c28c') in 0.030566 seconds
  Import took 0.035109 seconds .

========================================================================
Received Import Request.
  Time since last request: 0.000292 seconds.
  path: Assets/Materials/BrickColors/BrightBlue.mat
  artifactKey: Guid(3ee36075c1b3c174ca2c7fd9de5aabb1) Importer(815301076,1909f56bfc062723c751e8b465ee728b)
Start importing Assets/Materials/BrickColors/BrightBlue.mat using Guid(3ee36075c1b3c174ca2c7fd9de5aabb1) Importer(815301076,1909f56bfc062723c751e8b465ee728b)  -> (artifact id: 'd7c23a4a7a3c218e2a9f53b82ab033c0') in 0.029864 seconds
  Import took 0.034571 seconds .

========================================================================
Received Import Request.
  Time since last request: 0.000237 seconds.
  path: Assets/Materials/BrickColors/BrightRed.mat
  artifactKey: Guid(558fe859845af3047a2b27f5dde5c8bb) Importer(815301076,1909f56bfc062723c751e8b465ee728b)
Start importing Assets/Materials/BrickColors/BrightRed.mat using Guid(558fe859845af3047a2b27f5dde5c8bb) Importer(815301076,1909f56bfc062723c751e8b465ee728b)  -> (artifact id: '0c16e77a9f6d9a14aaf72c88d72a0e7f') in 0.028537 seconds
  Import took 0.033873 seconds .

========================================================================
Received Import Request.
  Time since last request: 0.000297 seconds.
  path: Assets/Materials/BrickColors/TransparentBlue.mat
  artifactKey: Guid(50c009a1e050597458fcc693e1dc8fd1) Importer(815301076,1909f56bfc062723c751e8b465ee728b)
Start importing Assets/Materials/BrickColors/TransparentBlue.mat using Guid(50c009a1e050597458fcc693e1dc8fd1) Importer(815301076,1909f56bfc062723c751e8b465ee728b)  -> (artifact id: '07db8966b189f58ee2c385f2d20c268c') in 0.030757 seconds
  Import took 0.035715 seconds .

========================================================================
Received Import Request.
  Time since last request: 0.000226 seconds.
  path: Assets/Materials/BrickColors/TransparentFluorBlue.mat
  artifactKey: Guid(ec4ce012f8e4f35498e2771554160db9) Importer(815301076,1909f56bfc062723c751e8b465ee728b)
Start importing Assets/Materials/BrickColors/TransparentFluorBlue.mat using Guid(ec4ce012f8e4f35498e2771554160db9) Importer(815301076,1909f56bfc062723c751e8b465ee728b)  -> (artifact id: 'a930a5edf5d9d4cbd6f3954a5ec2108f') in 0.028271 seconds
  Import took 0.033188 seconds .

========================================================================
Received Import Request.
  Time since last request: 0.000325 seconds.
  path: Assets/Materials/BrickColors/BrickYellow.mat
  artifactKey: Guid(4262688da683248418ffcce8bb08bdee) Importer(815301076,1909f56bfc062723c751e8b465ee728b)
Start importing Assets/Materials/BrickColors/BrickYellow.mat using Guid(4262688da683248418ffcce8bb08bdee) Importer(815301076,1909f56bfc062723c751e8b465ee728b)  -> (artifact id: 'e935b0739e74db9aec0e0c90d447758a') in 0.030593 seconds
  Import took 0.036243 seconds .

========================================================================
Received Import Request.
  Time since last request: 0.000179 seconds.
  path: Assets/Materials/BrickColors/MediumBlue.mat
  artifactKey: Guid(5edef92409cecbc4faf65c7b510109c5) Importer(815301076,1909f56bfc062723c751e8b465ee728b)
Start importing Assets/Materials/BrickColors/MediumBlue.mat using Guid(5edef92409cecbc4faf65c7b510109c5) Importer(815301076,1909f56bfc062723c751e8b465ee728b)  -> (artifact id: 'a764054f9215e60273312bfd1a73bf66') in 0.027805 seconds
  Import took 0.032666 seconds .

========================================================================
Received Import Request.
  Time since last request: 0.000297 seconds.
  path: Assets/Materials/BrickColors/BrightGreen.mat
  artifactKey: Guid(6a4fc5ccfe1be9b42a6f917dd8c6ef10) Importer(815301076,1909f56bfc062723c751e8b465ee728b)
Start importing Assets/Materials/BrickColors/BrightGreen.mat using Guid(6a4fc5ccfe1be9b42a6f917dd8c6ef10) Importer(815301076,1909f56bfc062723c751e8b465ee728b)  -> (artifact id: '8c338b333610d6473aa31c55390524c9') in 0.031126 seconds
  Import took 0.036345 seconds .

========================================================================
Received Import Request.
  Time since last request: 0.000184 seconds.
  path: Assets/Materials/BrickColors/BrightYellow.mat
  artifactKey: Guid(d1c3ef8dfe5cb814f91c3ba94de7fc07) Importer(815301076,1909f56bfc062723c751e8b465ee728b)
Start importing Assets/Materials/BrickColors/BrightYellow.mat using Guid(d1c3ef8dfe5cb814f91c3ba94de7fc07) Importer(815301076,1909f56bfc062723c751e8b465ee728b)  -> (artifact id: '138d5b6c3f5334be6137c45cc5ab716d') in 0.029563 seconds
  Import took 0.034228 seconds .

========================================================================
Received Import Request.
  Time since last request: 0.000264 seconds.
  path: Assets/Materials/BrickColors/MediumAzur.mat
  artifactKey: Guid(e514b70a16480c6419ac1242262ce115) Importer(815301076,1909f56bfc062723c751e8b465ee728b)
Start importing Assets/Materials/BrickColors/MediumAzur.mat using Guid(e514b70a16480c6419ac1242262ce115) Importer(815301076,1909f56bfc062723c751e8b465ee728b)  -> (artifact id: '1c712434c0c22087ebc5be9ac04e0adb') in 0.038561 seconds
  Import took 0.044981 seconds .

========================================================================
Received Prepare
Registering precompiled user dll's ...
Registered in 0.001313 seconds.
Begin MonoManager ReloadAssembly
Native extension for WindowsStandalone target not found
Native extension for WebGL target not found
Refreshing native plugins compatible for Editor in 0.46 ms, found 0 plugins.
Preloading 0 native plugins for Editor in 0.00 ms.
Invoked RoslynAnalysisRunner static constructor.
RoslynAnalysisRunner will not be running.
RoslynAnalysisRunner has terminated.
Mono: successfully reloaded assembly
- Completed reload, in  0.928 seconds
Platform modules already initialized, skipping
Refreshing native plugins compatible for Editor in 0.48 ms, found 0 plugins.
Preloading 0 native plugins for Editor in 0.00 ms.
Unloading 3038 Unused Serialized files (Serialized files now loaded: 0)
System memory in use before: 163.9 MB.
System memory in use after: 164.1 MB.

Unloading 5 unused Assets to reduce memory usage. Loaded Objects now: 4042.
Total: 2.471100 ms (FindLiveObjects: 0.319900 ms CreateObjectMapping: 0.167800 ms MarkObjects: 1.967400 ms  DeleteObjects: 0.015000 ms)

========================================================================
Received Prepare
Registering precompiled user dll's ...
Registered in 0.001257 seconds.
Begin MonoManager ReloadAssembly
Native extension for WindowsStandalone target not found
Native extension for WebGL target not found
Refreshing native plugins compatible for Editor in 0.50 ms, found 0 plugins.
Preloading 0 native plugins for Editor in 0.00 ms.
Invoked RoslynAnalysisRunner static constructor.
RoslynAnalysisRunner will not be running.
RoslynAnalysisRunner has terminated.
Mono: successfully reloaded assembly
- Completed reload, in  0.912 seconds
Platform modules already initialized, skipping
Refreshing native plugins compatible for Editor in 0.46 ms, found 0 plugins.
Preloading 0 native plugins for Editor in 0.00 ms.
Unloading 3038 Unused Serialized files (Serialized files now loaded: 0)
System memory in use before: 163.9 MB.
System memory in use after: 164.1 MB.

Unloading 5 unused Assets to reduce memory usage. Loaded Objects now: 4044.
Total: 6.392800 ms (FindLiveObjects: 1.010100 ms CreateObjectMapping: 0.541300 ms MarkObjects: 4.806100 ms  DeleteObjects: 0.032900 ms)

========================================================================
Received Prepare
Registering precompiled user dll's ...
Registered in 0.001237 seconds.
Begin MonoManager ReloadAssembly
Native extension for WindowsStandalone target not found
Native extension for WebGL target not found
Refreshing native plugins compatible for Editor in 0.47 ms, found 0 plugins.
Preloading 0 native plugins for Editor in 0.00 ms.
Invoked RoslynAnalysisRunner static constructor.
RoslynAnalysisRunner will not be running.
RoslynAnalysisRunner has terminated.
Mono: successfully reloaded assembly
- Completed reload, in  0.911 seconds
Platform modules already initialized, skipping
Refreshing native plugins compatible for Editor in 0.47 ms, found 0 plugins.
Preloading 0 native plugins for Editor in 0.00 ms.
Unloading 3038 Unused Serialized files (Serialized files now loaded: 0)
System memory in use before: 163.9 MB.
System memory in use after: 164.1 MB.

Unloading 5 unused Assets to reduce memory usage. Loaded Objects now: 4046.
Total: 2.523400 ms (FindLiveObjects: 0.312000 ms CreateObjectMapping: 0.129900 ms MarkObjects: 2.067300 ms  DeleteObjects: 0.013700 ms)

========================================================================
Received Prepare
Registering precompiled user dll's ...
Registered in 0.001380 seconds.
Begin MonoManager ReloadAssembly
Native extension for WindowsStandalone target not found
Native extension for WebGL target not found
Refreshing native plugins compatible for Editor in 0.85 ms, found 0 plugins.
Preloading 0 native plugins for Editor in 0.00 ms.
Invoked RoslynAnalysisRunner static constructor.
RoslynAnalysisRunner will not be running.
RoslynAnalysisRunner has terminated.
Mono: successfully reloaded assembly
- Completed reload, in  1.030 seconds
Platform modules already initialized, skipping
Refreshing native plugins compatible for Editor in 0.63 ms, found 0 plugins.
Preloading 0 native plugins for Editor in 0.00 ms.
Unloading 3038 Unused Serialized files (Serialized files now loaded: 0)
System memory in use before: 163.9 MB.
System memory in use after: 164.2 MB.

Unloading 5 unused Assets to reduce memory usage. Loaded Objects now: 4048.
Total: 2.851100 ms (FindLiveObjects: 0.366600 ms CreateObjectMapping: 0.175100 ms MarkObjects: 2.287600 ms  DeleteObjects: 0.020100 ms)

========================================================================
Received Import Request.
  Time since last request: 216.742838 seconds.
  path: Assets/Models/Bricks/3023/3023.obj
  artifactKey: Guid(5983a29f5fbb4884da1957fd06f0cf08) Importer(815301076,1909f56bfc062723c751e8b465ee728b)
Start importing Assets/Models/Bricks/3023/3023.obj using Guid(5983a29f5fbb4884da1957fd06f0cf08) Importer(815301076,1909f56bfc062723c751e8b465ee728b)  -> (artifact id: 'd837cbbce44be3ef1435f3ef9c721782') in 0.694589 seconds
  Import took 0.700103 seconds .

========================================================================
Received Import Request.
  Time since last request: 0.000270 seconds.
  path: Assets/Models/Bricks/22885/22885.obj
  artifactKey: Guid(f98b2a773a9b74345897509cdb74b4af) Importer(815301076,1909f56bfc062723c751e8b465ee728b)
Start importing Assets/Models/Bricks/22885/22885.obj using Guid(f98b2a773a9b74345897509cdb74b4af) Importer(815301076,1909f56bfc062723c751e8b465ee728b)  -> (artifact id: '5207fe78c813b73d6f73569b1e79629e') in 0.044318 seconds
  Import took 0.049009 seconds .

========================================================================
Received Import Request.
  Time since last request: 0.000225 seconds.
  path: Assets/Models/Bricks/2357/2357.obj
  artifactKey: Guid(e7b9acc09a7108d40901330f66e4c361) Importer(815301076,1909f56bfc062723c751e8b465ee728b)
Start importing Assets/Models/Bricks/2357/2357.obj using Guid(e7b9acc09a7108d40901330f66e4c361) Importer(815301076,1909f56bfc062723c751e8b465ee728b)  -> (artifact id: '488049dd5389ffaf2442c6a3e01bf650') in 0.044786 seconds
  Import took 0.050093 seconds .

========================================================================
Received Import Request.
  Time since last request: 0.000321 seconds.
  path: Assets/Models/Bricks/3001/3001.obj
  artifactKey: Guid(e6cd04b49c5d2b842b7a4a0af7111aa9) Importer(815301076,1909f56bfc062723c751e8b465ee728b)
Start importing Assets/Models/Bricks/3001/3001.obj using Guid(e6cd04b49c5d2b842b7a4a0af7111aa9) Importer(815301076,1909f56bfc062723c751e8b465ee728b)  -> (artifact id: 'b740ea90edcad9448d75225e09680783') in 0.043804 seconds
  Import took 0.048564 seconds .

========================================================================
Received Import Request.
  Time since last request: 0.000179 seconds.
  path: Assets/Models/Bricks/3022/3022.obj
  artifactKey: Guid(6d3bc366d833a8942bbffad58d7846e3) Importer(815301076,1909f56bfc062723c751e8b465ee728b)
Start importing Assets/Models/Bricks/3022/3022.obj using Guid(6d3bc366d833a8942bbffad58d7846e3) Importer(815301076,1909f56bfc062723c751e8b465ee728b)  -> (artifact id: 'd644f29123990d37652c95dd92a7f570') in 0.046455 seconds
  Import took 0.052004 seconds .

========================================================================
Received Import Request.
  Time since last request: 0.000285 seconds.
  path: Assets/Models/Bricks/3024/3024.obj
  artifactKey: Guid(e28fb63042d09174587b1643f37cd0a4) Importer(815301076,1909f56bfc062723c751e8b465ee728b)
Start importing Assets/Models/Bricks/3024/3024.obj using Guid(e28fb63042d09174587b1643f37cd0a4) Importer(815301076,1909f56bfc062723c751e8b465ee728b)  -> (artifact id: '4e3216d76c0a4b15902eb7c77bace342') in 0.046868 seconds
  Import took 0.051820 seconds .

========================================================================
Received Import Request.
  Time since last request: 0.000193 seconds.
  path: Assets/Models/Bricks/3003/3003.obj
  artifactKey: Guid(4674aeb25d1bdd24091e11b3d56a9e25) Importer(815301076,1909f56bfc062723c751e8b465ee728b)
Start importing Assets/Models/Bricks/3003/3003.obj using Guid(4674aeb25d1bdd24091e11b3d56a9e25) Importer(815301076,1909f56bfc062723c751e8b465ee728b)  -> (artifact id: '5778dd4a72254788ff4544c39f3ad422') in 0.046272 seconds
  Import took 0.051525 seconds .

========================================================================
Received Import Request.
  Time since last request: 0.000278 seconds.
  path: Assets/Models/Bricks/3005/3005.obj
  artifactKey: Guid(b12a899fe9b7152419cb5360c6d3e56f) Importer(815301076,1909f56bfc062723c751e8b465ee728b)
Start importing Assets/Models/Bricks/3005/3005.obj using Guid(b12a899fe9b7152419cb5360c6d3e56f) Importer(815301076,1909f56bfc062723c751e8b465ee728b)  -> (artifact id: 'af48555ef9455c2291888ef54c3a6f04') in 0.047549 seconds
  Import took 0.052770 seconds .

========================================================================
Received Prepare
Registering precompiled user dll's ...
Registered in 0.001701 seconds.
Begin MonoManager ReloadAssembly
Native extension for WindowsStandalone target not found
Native extension for WebGL target not found
Refreshing native plugins compatible for Editor in 0.50 ms, found 0 plugins.
Preloading 0 native plugins for Editor in 0.00 ms.
Invoked RoslynAnalysisRunner static constructor.
RoslynAnalysisRunner will not be running.
RoslynAnalysisRunner has terminated.
Mono: successfully reloaded assembly
- Completed reload, in  1.092 seconds
Platform modules already initialized, skipping
Refreshing native plugins compatible for Editor in 0.50 ms, found 0 plugins.
Preloading 0 native plugins for Editor in 0.00 ms.
Unloading 3038 Unused Serialized files (Serialized files now loaded: 0)
System memory in use before: 164.8 MB.
System memory in use after: 165.0 MB.

Unloading 5 unused Assets to reduce memory usage. Loaded Objects now: 4155.
Total: 2.885700 ms (FindLiveObjects: 0.326000 ms CreateObjectMapping: 0.164900 ms MarkObjects: 2.375700 ms  DeleteObjects: 0.018100 ms)

========================================================================
Received Prepare
Registering precompiled user dll's ...
Registered in 0.001327 seconds.
Begin MonoManager ReloadAssembly
Native extension for WindowsStandalone target not found
Native extension for WebGL target not found
Refreshing native plugins compatible for Editor in 0.47 ms, found 0 plugins.
Preloading 0 native plugins for Editor in 0.00 ms.
Invoked RoslynAnalysisRunner static constructor.
RoslynAnalysisRunner will not be running.
RoslynAnalysisRunner has terminated.
Mono: successfully reloaded assembly
- Completed reload, in  0.918 seconds
Platform modules already initialized, skipping
Refreshing native plugins compatible for Editor in 0.49 ms, found 0 plugins.
Preloading 0 native plugins for Editor in 0.00 ms.
Unloading 3038 Unused Serialized files (Serialized files now loaded: 0)
System memory in use before: 164.7 MB.
System memory in use after: 165.0 MB.

Unloading 5 unused Assets to reduce memory usage. Loaded Objects now: 4157.
Total: 2.515400 ms (FindLiveObjects: 0.327200 ms CreateObjectMapping: 0.168900 ms MarkObjects: 2.003300 ms  DeleteObjects: 0.015000 ms)

========================================================================
Received Prepare
Registering precompiled user dll's ...
Registered in 0.001356 seconds.
Begin MonoManager ReloadAssembly
Native extension for WindowsStandalone target not found
Native extension for WebGL target not found
Refreshing native plugins compatible for Editor in 0.49 ms, found 0 plugins.
Preloading 0 native plugins for Editor in 0.00 ms.
Invoked RoslynAnalysisRunner static constructor.
RoslynAnalysisRunner will not be running.
RoslynAnalysisRunner has terminated.
Mono: successfully reloaded assembly
- Completed reload, in  0.913 seconds
Platform modules already initialized, skipping
Refreshing native plugins compatible for Editor in 0.49 ms, found 0 plugins.
Preloading 0 native plugins for Editor in 0.00 ms.
Unloading 3038 Unused Serialized files (Serialized files now loaded: 0)
System memory in use before: 164.8 MB.
System memory in use after: 165.0 MB.

Unloading 5 unused Assets to reduce memory usage. Loaded Objects now: 4159.
Total: 5.702600 ms (FindLiveObjects: 0.733800 ms CreateObjectMapping: 0.339100 ms MarkObjects: 4.574100 ms  DeleteObjects: 0.053500 ms)

========================================================================
Received Prepare
Registering precompiled user dll's ...
Registered in 0.001300 seconds.
Begin MonoManager ReloadAssembly
Native extension for WindowsStandalone target not found
Native extension for WebGL target not found
Refreshing native plugins compatible for Editor in 0.47 ms, found 0 plugins.
Preloading 0 native plugins for Editor in 0.00 ms.
Invoked RoslynAnalysisRunner static constructor.
RoslynAnalysisRunner will not be running.
RoslynAnalysisRunner has terminated.
Mono: successfully reloaded assembly
- Completed reload, in  0.935 seconds
Platform modules already initialized, skipping
Refreshing native plugins compatible for Editor in 0.48 ms, found 0 plugins.
Preloading 0 native plugins for Editor in 0.00 ms.
Unloading 3038 Unused Serialized files (Serialized files now loaded: 0)
System memory in use before: 164.8 MB.
System memory in use after: 165.0 MB.

Unloading 5 unused Assets to reduce memory usage. Loaded Objects now: 4161.
Total: 2.728500 ms (FindLiveObjects: 0.323900 ms CreateObjectMapping: 0.160300 ms MarkObjects: 2.227500 ms  DeleteObjects: 0.015900 ms)

========================================================================
Received Prepare
Registering precompiled user dll's ...
Registered in 0.002399 seconds.
Begin MonoManager ReloadAssembly
Native extension for WindowsStandalone target not found
Native extension for WebGL target not found
Refreshing native plugins compatible for Editor in 0.48 ms, found 0 plugins.
Preloading 0 native plugins for Editor in 0.00 ms.
Invoked RoslynAnalysisRunner static constructor.
RoslynAnalysisRunner will not be running.
RoslynAnalysisRunner has terminated.
Mono: successfully reloaded assembly
- Completed reload, in  0.950 seconds
Platform modules already initialized, skipping
Refreshing native plugins compatible for Editor in 0.47 ms, found 0 plugins.
Preloading 0 native plugins for Editor in 0.00 ms.
Unloading 3038 Unused Serialized files (Serialized files now loaded: 0)
System memory in use before: 164.8 MB.
System memory in use after: 165.0 MB.

Unloading 5 unused Assets to reduce memory usage. Loaded Objects now: 4163.
Total: 2.290500 ms (FindLiveObjects: 0.298000 ms CreateObjectMapping: 0.146700 ms MarkObjects: 1.832300 ms  DeleteObjects: 0.012900 ms)

========================================================================
Received Prepare
Registering precompiled user dll's ...
Registered in 0.001309 seconds.
Begin MonoManager ReloadAssembly
Native extension for WindowsStandalone target not found
Native extension for WebGL target not found
Refreshing native plugins compatible for Editor in 0.46 ms, found 0 plugins.
Preloading 0 native plugins for Editor in 0.00 ms.
Invoked RoslynAnalysisRunner static constructor.
RoslynAnalysisRunner will not be running.
RoslynAnalysisRunner has terminated.
Mono: successfully reloaded assembly
- Completed reload, in  0.881 seconds
Platform modules already initialized, skipping
Refreshing native plugins compatible for Editor in 0.56 ms, found 0 plugins.
Preloading 0 native plugins for Editor in 0.00 ms.
Unloading 3038 Unused Serialized files (Serialized files now loaded: 0)
System memory in use before: 164.8 MB.
System memory in use after: 165.1 MB.

Unloading 5 unused Assets to reduce memory usage. Loaded Objects now: 4165.
Total: 6.203700 ms (FindLiveObjects: 0.814000 ms CreateObjectMapping: 0.518100 ms MarkObjects: 4.835000 ms  DeleteObjects: 0.034200 ms)

========================================================================
Received Import Request.
  Time since last request: 644.067186 seconds.
  path: Assets/Materials/TransparentMaterial.mat
  artifactKey: Guid(2b6141c78da789b438de63314812a2ac) Importer(815301076,1909f56bfc062723c751e8b465ee728b)
Start importing Assets/Materials/TransparentMaterial.mat using Guid(2b6141c78da789b438de63314812a2ac) Importer(815301076,1909f56bfc062723c751e8b465ee728b)  -> (artifact id: '7afa44a26954bc855ad06282ae50742d') in 0.412079 seconds
  Import took 0.417283 seconds .

========================================================================
Received Prepare
Registering precompiled user dll's ...
Registered in 0.002224 seconds.
Begin MonoManager ReloadAssembly
Native extension for WindowsStandalone target not found
Native extension for WebGL target not found
Refreshing native plugins compatible for Editor in 0.67 ms, found 0 plugins.
Preloading 0 native plugins for Editor in 0.00 ms.
Invoked RoslynAnalysisRunner static constructor.
RoslynAnalysisRunner will not be running.
RoslynAnalysisRunner has terminated.
Mono: successfully reloaded assembly
- Completed reload, in  1.719 seconds
Platform modules already initialized, skipping
Refreshing native plugins compatible for Editor in 1.04 ms, found 0 plugins.
Preloading 0 native plugins for Editor in 0.00 ms.
Unloading 3038 Unused Serialized files (Serialized files now loaded: 0)
System memory in use before: 165.1 MB.
System memory in use after: 165.3 MB.

Unloading 5 unused Assets to reduce memory usage. Loaded Objects now: 4269.
Total: 4.216600 ms (FindLiveObjects: 0.469700 ms CreateObjectMapping: 0.260700 ms MarkObjects: 3.460600 ms  DeleteObjects: 0.024400 ms)

========================================================================
Received Prepare
Registering precompiled user dll's ...
Registered in 0.001262 seconds.
Begin MonoManager ReloadAssembly
Native extension for WindowsStandalone target not found
Native extension for WebGL target not found
Refreshing native plugins compatible for Editor in 0.46 ms, found 0 plugins.
Preloading 0 native plugins for Editor in 0.00 ms.
Invoked RoslynAnalysisRunner static constructor.
RoslynAnalysisRunner will not be running.
RoslynAnalysisRunner has terminated.
Mono: successfully reloaded assembly
- Completed reload, in  0.896 seconds
Platform modules already initialized, skipping
Refreshing native plugins compatible for Editor in 0.52 ms, found 0 plugins.
Preloading 0 native plugins for Editor in 0.00 ms.
Unloading 3038 Unused Serialized files (Serialized files now loaded: 0)
System memory in use before: 165.1 MB.
System memory in use after: 165.4 MB.

Unloading 5 unused Assets to reduce memory usage. Loaded Objects now: 4271.
Total: 5.352300 ms (FindLiveObjects: 0.693800 ms CreateObjectMapping: 0.330500 ms MarkObjects: 4.297100 ms  DeleteObjects: 0.029200 ms)

========================================================================
Received Prepare
Registering precompiled user dll's ...
Registered in 0.001326 seconds.
Begin MonoManager ReloadAssembly
Native extension for WindowsStandalone target not found
Native extension for WebGL target not found
Refreshing native plugins compatible for Editor in 0.47 ms, found 0 plugins.
Preloading 0 native plugins for Editor in 0.00 ms.
Invoked RoslynAnalysisRunner static constructor.
RoslynAnalysisRunner will not be running.
RoslynAnalysisRunner has terminated.
Mono: successfully reloaded assembly
- Completed reload, in  0.884 seconds
Platform modules already initialized, skipping
Refreshing native plugins compatible for Editor in 0.50 ms, found 0 plugins.
Preloading 0 native plugins for Editor in 0.00 ms.
Unloading 3038 Unused Serialized files (Serialized files now loaded: 0)
System memory in use before: 165.1 MB.
System memory in use after: 165.4 MB.

Unloading 5 unused Assets to reduce memory usage. Loaded Objects now: 4273.
Total: 2.751300 ms (FindLiveObjects: 0.334200 ms CreateObjectMapping: 0.148200 ms MarkObjects: 2.251000 ms  DeleteObjects: 0.016900 ms)

========================================================================
Received Prepare
Registering precompiled user dll's ...
Registered in 0.001559 seconds.
Begin MonoManager ReloadAssembly
Native extension for WindowsStandalone target not found
Native extension for WebGL target not found
Refreshing native plugins compatible for Editor in 0.63 ms, found 0 plugins.
Preloading 0 native plugins for Editor in 0.00 ms.
Invoked RoslynAnalysisRunner static constructor.
RoslynAnalysisRunner will not be running.
RoslynAnalysisRunner has terminated.
Mono: successfully reloaded assembly
- Completed reload, in  1.032 seconds
Platform modules already initialized, skipping
Refreshing native plugins compatible for Editor in 0.57 ms, found 0 plugins.
Preloading 0 native plugins for Editor in 0.00 ms.
Unloading 3038 Unused Serialized files (Serialized files now loaded: 0)
System memory in use before: 165.1 MB.
System memory in use after: 165.4 MB.

Unloading 5 unused Assets to reduce memory usage. Loaded Objects now: 4275.
Total: 3.321300 ms (FindLiveObjects: 0.430700 ms CreateObjectMapping: 0.206300 ms MarkObjects: 2.658200 ms  DeleteObjects: 0.024600 ms)

========================================================================
Received Prepare
Registering precompiled user dll's ...
Registered in 0.001318 seconds.
Begin MonoManager ReloadAssembly
Native extension for WindowsStandalone target not found
Native extension for WebGL target not found
Refreshing native plugins compatible for Editor in 0.48 ms, found 0 plugins.
Preloading 0 native plugins for Editor in 0.00 ms.
Invoked RoslynAnalysisRunner static constructor.
RoslynAnalysisRunner will not be running.
RoslynAnalysisRunner has terminated.
Mono: successfully reloaded assembly
- Completed reload, in  0.959 seconds
Platform modules already initialized, skipping
Refreshing native plugins compatible for Editor in 0.49 ms, found 0 plugins.
Preloading 0 native plugins for Editor in 0.00 ms.
Unloading 3038 Unused Serialized files (Serialized files now loaded: 0)
System memory in use before: 165.2 MB.
System memory in use after: 165.4 MB.

Unloading 5 unused Assets to reduce memory usage. Loaded Objects now: 4277.
Total: 2.954300 ms (FindLiveObjects: 0.368700 ms CreateObjectMapping: 0.152600 ms MarkObjects: 2.415400 ms  DeleteObjects: 0.016600 ms)

========================================================================
Received Prepare
Registering precompiled user dll's ...
Registered in 0.001412 seconds.
Begin MonoManager ReloadAssembly
Native extension for WindowsStandalone target not found
Native extension for WebGL target not found
Refreshing native plugins compatible for Editor in 0.52 ms, found 0 plugins.
Preloading 0 native plugins for Editor in 0.00 ms.
Invoked RoslynAnalysisRunner static constructor.
RoslynAnalysisRunner will not be running.
RoslynAnalysisRunner has terminated.
Mono: successfully reloaded assembly
- Completed reload, in  1.080 seconds
Platform modules already initialized, skipping
Refreshing native plugins compatible for Editor in 0.53 ms, found 0 plugins.
Preloading 0 native plugins for Editor in 0.00 ms.
Unloading 3038 Unused Serialized files (Serialized files now loaded: 0)
System memory in use before: 165.1 MB.
System memory in use after: 165.4 MB.

Unloading 5 unused Assets to reduce memory usage. Loaded Objects now: 4279.
Total: 3.274200 ms (FindLiveObjects: 0.509200 ms CreateObjectMapping: 0.208300 ms MarkObjects: 2.537400 ms  DeleteObjects: 0.018100 ms)

========================================================================
Received Import Request.
  Time since last request: 543.660749 seconds.
  path: Assets/Textures/BreakBrickAnimation.png
  artifactKey: Guid(82a905f1ee1935e408fc7e9be069f3ba) Importer(815301076,1909f56bfc062723c751e8b465ee728b)
Start importing Assets/Textures/BreakBrickAnimation.png using Guid(82a905f1ee1935e408fc7e9be069f3ba) Importer(815301076,1909f56bfc062723c751e8b465ee728b)  -> (artifact id: 'b295ec5a3c52c81ee25f89301664207d') in 0.149292 seconds
  Import took 0.166728 seconds .

========================================================================
Received Import Request.
  Time since last request: 0.000373 seconds.
  path: Assets/Textures/Square.png
  artifactKey: Guid(77c2c1d2ffc828b48b6823bbda9d3403) Importer(815301076,1909f56bfc062723c751e8b465ee728b)
Start importing Assets/Textures/Square.png using Guid(77c2c1d2ffc828b48b6823bbda9d3403) Importer(815301076,1909f56bfc062723c751e8b465ee728b)  -> (artifact id: '89b5ef9100b0c00409e0bbbd4a746c84') in 0.075657 seconds
  Import took 0.082814 seconds .

========================================================================
Received Import Request.
  Time since last request: 0.000372 seconds.
  path: Assets/Textures/Logo.png
  artifactKey: Guid(820e33d00fa7e3b43a35a868f65e4670) Importer(815301076,1909f56bfc062723c751e8b465ee728b)
Start importing Assets/Textures/Logo.png using Guid(820e33d00fa7e3b43a35a868f65e4670) Importer(815301076,1909f56bfc062723c751e8b465ee728b)  -> (artifact id: '980c7be2dc15a191d08d1e41211c0e93') in 0.025213 seconds
  Import took 0.034137 seconds .

========================================================================
Received Import Request.
  Time since last request: 0.000340 seconds.
  path: Assets/Textures/InvalidTexture.png
  artifactKey: Guid(9e406c0ee27498342b3eee83c130a741) Importer(815301076,1909f56bfc062723c751e8b465ee728b)
Start importing Assets/Textures/InvalidTexture.png using Guid(9e406c0ee27498342b3eee83c130a741) Importer(815301076,1909f56bfc062723c751e8b465ee728b)  -> (artifact id: 'd822179697d2837dca0369d205269de7') in 0.022956 seconds
  Import took 0.033513 seconds .

========================================================================
Received Import Request.
  Time since last request: 0.000463 seconds.
  path: Assets/Textures/Crosshair.png
  artifactKey: Guid(7bb512b123571d24a9be6e7f9b88caf9) Importer(815301076,1909f56bfc062723c751e8b465ee728b)
Start importing Assets/Textures/Crosshair.png using Guid(7bb512b123571d24a9be6e7f9b88caf9) Importer(815301076,1909f56bfc062723c751e8b465ee728b)  -> (artifact id: '4fa5444cd04d0485aa31da98e072cd44') in 0.030831 seconds
  Import took 0.042183 seconds .

========================================================================
Received Import Request.
  Time since last request: 247.865558 seconds.
  path: Assets/Textures/BreakBrickAnimationHD.png
  artifactKey: Guid(3372b2ac1b2a97b4ead4c886032d6358) Importer(815301076,1909f56bfc062723c751e8b465ee728b)
Start importing Assets/Textures/BreakBrickAnimationHD.png using Guid(3372b2ac1b2a97b4ead4c886032d6358) Importer(815301076,1909f56bfc062723c751e8b465ee728b)  -> (artifact id: '784363dd0005b069b08864bce5f55454') in 0.051003 seconds
  Import took 0.073833 seconds .

========================================================================
Received Import Request.
  Time since last request: 14.209008 seconds.
  path: Assets/Textures/BreakBrickAnimationHD.png
  artifactKey: Guid(3372b2ac1b2a97b4ead4c886032d6358) Importer(815301076,1909f56bfc062723c751e8b465ee728b)
Start importing Assets/Textures/BreakBrickAnimationHD.png using Guid(3372b2ac1b2a97b4ead4c886032d6358) Importer(815301076,1909f56bfc062723c751e8b465ee728b)  -> (artifact id: '39ff90c5e02febb77db1d85367d77e17') in 0.028971 seconds
  Import took 0.049927 seconds .

========================================================================
Received Import Request.
  Time since last request: 0.019385 seconds.
  path: Assets/Textures/BreakBrickAnimationHD.png
  artifactKey: Guid(3372b2ac1b2a97b4ead4c886032d6358) Importer(815301076,1909f56bfc062723c751e8b465ee728b)
Start importing Assets/Textures/BreakBrickAnimationHD.png using Guid(3372b2ac1b2a97b4ead4c886032d6358) Importer(815301076,1909f56bfc062723c751e8b465ee728b)  -> (artifact id: '39ff90c5e02febb77db1d85367d77e17') in 0.055792 seconds
  Import took 0.065300 seconds .

========================================================================
Received Prepare
Registering precompiled user dll's ...
Registered in 0.003182 seconds.
Begin MonoManager ReloadAssembly
Native extension for WindowsStandalone target not found
Native extension for WebGL target not found
Refreshing native plugins compatible for Editor in 0.83 ms, found 0 plugins.
Preloading 0 native plugins for Editor in 0.00 ms.
Invoked RoslynAnalysisRunner static constructor.
RoslynAnalysisRunner will not be running.
RoslynAnalysisRunner has terminated.
Mono: successfully reloaded assembly
- Completed reload, in  1.939 seconds
Platform modules already initialized, skipping
Refreshing native plugins compatible for Editor in 0.72 ms, found 0 plugins.
Preloading 0 native plugins for Editor in 0.00 ms.
Unloading 3072 Unused Serialized files (Serialized files now loaded: 0)
System memory in use before: 166.2 MB.
System memory in use after: 166.5 MB.

Unloading 5 unused Assets to reduce memory usage. Loaded Objects now: 4323.
Total: 4.196300 ms (FindLiveObjects: 0.461700 ms CreateObjectMapping: 0.199000 ms MarkObjects: 3.509000 ms  DeleteObjects: 0.024900 ms)

========================================================================
Received Import Request.
  Time since last request: 163.920537 seconds.
  path: Assets/Textures/BreakBrickAnimationHD.png
  artifactKey: Guid(3372b2ac1b2a97b4ead4c886032d6358) Importer(815301076,1909f56bfc062723c751e8b465ee728b)
Start importing Assets/Textures/BreakBrickAnimationHD.png using Guid(3372b2ac1b2a97b4ead4c886032d6358) Importer(815301076,1909f56bfc062723c751e8b465ee728b)  -> (artifact id: 'a9ae07f64cfd825c50907f3744488d56') in 0.187838 seconds
  Import took 0.199925 seconds .

========================================================================
Received Import Request.
  Time since last request: 11.696465 seconds.
  path: Assets/Resources/Textures/Bricks/1.png
  artifactKey: Guid(9263b5a96e25ec4458a92948ba525dab) Importer(815301076,1909f56bfc062723c751e8b465ee728b)
Start importing Assets/Resources/Textures/Bricks/1.png using Guid(9263b5a96e25ec4458a92948ba525dab) Importer(815301076,1909f56bfc062723c751e8b465ee728b)  -> (artifact id: 'c420eca4dd12f3da53a2a6afb270a0f7') in 0.022833 seconds
  Import took 0.030840 seconds .

========================================================================
Received Import Request.
  Time since last request: 0.000364 seconds.
  path: Assets/Resources/Textures/Bricks/3003.png
  artifactKey: Guid(8659188cf328ac740b4977f53a7a9525) Importer(815301076,1909f56bfc062723c751e8b465ee728b)
Start importing Assets/Resources/Textures/Bricks/3003.png using Guid(8659188cf328ac740b4977f53a7a9525) Importer(815301076,1909f56bfc062723c751e8b465ee728b)  -> (artifact id: '6414e54c79cf7ca2a1e1a33fb8b968ca') in 0.026965 seconds
  Import took 0.036827 seconds .

========================================================================
Received Import Request.
  Time since last request: 0.000323 seconds.
  path: Assets/Resources/Textures/Bricks/3005.png
  artifactKey: Guid(6b3930319d3007b41a7939c80dc19ff1) Importer(815301076,1909f56bfc062723c751e8b465ee728b)
Start importing Assets/Resources/Textures/Bricks/3005.png using Guid(6b3930319d3007b41a7939c80dc19ff1) Importer(815301076,1909f56bfc062723c751e8b465ee728b)  -> (artifact id: 'c7106a8f18fe8b4704d75ad93ca4cadb') in 0.024930 seconds
  Import took 0.034897 seconds .

========================================================================
Received Import Request.
  Time since last request: 0.000314 seconds.
  path: Assets/Resources/Textures/Bricks/4.png
  artifactKey: Guid(28dd4277838ca9a4b9bbd4039c1e5411) Importer(815301076,1909f56bfc062723c751e8b465ee728b)
Start importing Assets/Resources/Textures/Bricks/4.png using Guid(28dd4277838ca9a4b9bbd4039c1e5411) Importer(815301076,1909f56bfc062723c751e8b465ee728b)  -> (artifact id: '34872f29354ce78f9524d42085ff0176') in 0.024785 seconds
  Import took 0.034626 seconds .

========================================================================
Received Import Request.
  Time since last request: 0.000372 seconds.
  path: Assets/Resources/Textures/Bricks/2.png
  artifactKey: Guid(e6c5302e7efbbe645a8549d1221718ef) Importer(815301076,1909f56bfc062723c751e8b465ee728b)
Start importing Assets/Resources/Textures/Bricks/2.png using Guid(e6c5302e7efbbe645a8549d1221718ef) Importer(815301076,1909f56bfc062723c751e8b465ee728b)  -> (artifact id: '1eb9c86383a285e0b1890f8b971450d3') in 0.026634 seconds
  Import took 0.037016 seconds .

========================================================================
Received Import Request.
  Time since last request: 0.000341 seconds.
  path: Assets/Resources/Textures/Bricks/3.png
  artifactKey: Guid(d36c685c01102814aa44a4532b2f9a21) Importer(815301076,1909f56bfc062723c751e8b465ee728b)
Start importing Assets/Resources/Textures/Bricks/3.png using Guid(d36c685c01102814aa44a4532b2f9a21) Importer(815301076,1909f56bfc062723c751e8b465ee728b)  -> (artifact id: '5683f711fdee18585a776677174501ee') in 0.025164 seconds
  Import took 0.034884 seconds .

========================================================================
Received Import Request.
  Time since last request: 0.000304 seconds.
  path: Assets/Resources/Textures/Bricks/3023.png
  artifactKey: Guid(7fb9d196110383d4c8db3a772344f2dd) Importer(815301076,1909f56bfc062723c751e8b465ee728b)
Start importing Assets/Resources/Textures/Bricks/3023.png using Guid(7fb9d196110383d4c8db3a772344f2dd) Importer(815301076,1909f56bfc062723c751e8b465ee728b)  -> (artifact id: '620fa328d504e66e926d0fe8761fc1b2') in 0.024537 seconds
  Import took 0.035354 seconds .

========================================================================
Received Import Request.
  Time since last request: 27.394420 seconds.
  path: Assets/Materials/BreakBrick.mat
  artifactKey: Guid(1416792803e171d42be53bfbd9edef85) Importer(815301076,1909f56bfc062723c751e8b465ee728b)
Start importing Assets/Materials/BreakBrick.mat using Guid(1416792803e171d42be53bfbd9edef85) Importer(815301076,1909f56bfc062723c751e8b465ee728b)  -> (artifact id: '70ea75929add63cedfba8161e9f79b60') in 0.784400 seconds
  Import took 0.795846 seconds .

========================================================================
Received Prepare
Registering precompiled user dll's ...
Registered in 0.002469 seconds.
Begin MonoManager ReloadAssembly
Native extension for WindowsStandalone target not found
Native extension for WebGL target not found
Refreshing native plugins compatible for Editor in 0.70 ms, found 0 plugins.
Preloading 0 native plugins for Editor in 0.00 ms.
Invoked RoslynAnalysisRunner static constructor.
RoslynAnalysisRunner will not be running.
RoslynAnalysisRunner has terminated.
Mono: successfully reloaded assembly
- Completed reload, in  1.923 seconds
Platform modules already initialized, skipping
Refreshing native plugins compatible for Editor in 0.73 ms, found 0 plugins.
Preloading 0 native plugins for Editor in 0.00 ms.
Unloading 3072 Unused Serialized files (Serialized files now loaded: 0)
System memory in use before: 166.7 MB.
System memory in use after: 167.0 MB.

Unloading 5 unused Assets to reduce memory usage. Loaded Objects now: 4447.
Total: 5.571100 ms (FindLiveObjects: 0.729700 ms CreateObjectMapping: 0.422000 ms MarkObjects: 4.393100 ms  DeleteObjects: 0.024400 ms)

========================================================================
Received Prepare
Registering precompiled user dll's ...
Registered in 0.002304 seconds.
Begin MonoManager ReloadAssembly
Native extension for WindowsStandalone target not found
Native extension for WebGL target not found
Refreshing native plugins compatible for Editor in 0.76 ms, found 0 plugins.
Preloading 0 native plugins for Editor in 0.00 ms.
Invoked RoslynAnalysisRunner static constructor.
RoslynAnalysisRunner will not be running.
RoslynAnalysisRunner has terminated.
Mono: successfully reloaded assembly
- Completed reload, in  1.922 seconds
Platform modules already initialized, skipping
Refreshing native plugins compatible for Editor in 0.70 ms, found 0 plugins.
Preloading 0 native plugins for Editor in 0.00 ms.
Unloading 3072 Unused Serialized files (Serialized files now loaded: 0)
System memory in use before: 166.7 MB.
System memory in use after: 167.0 MB.

Unloading 5 unused Assets to reduce memory usage. Loaded Objects now: 4449.
Total: 4.530400 ms (FindLiveObjects: 0.503600 ms CreateObjectMapping: 0.254100 ms MarkObjects: 3.743500 ms  DeleteObjects: 0.027400 ms)

========================================================================
Received Import Request.
  Time since last request: 542.649728 seconds.
  path: Assets/Materials/BreakBrick.mat
  artifactKey: Guid(1416792803e171d42be53bfbd9edef85) Importer(815301076,1909f56bfc062723c751e8b465ee728b)
Start importing Assets/Materials/BreakBrick.mat using Guid(1416792803e171d42be53bfbd9edef85) Importer(815301076,1909f56bfc062723c751e8b465ee728b)  -> (artifact id: '4d12e42f53b1e2d93968d20c20f6e535') in 0.791104 seconds
  Import took 0.803398 seconds .

========================================================================
Received Import Request.
  Time since last request: 78.174593 seconds.
  path: Assets/Materials/BreakBrick.mat
  artifactKey: Guid(1416792803e171d42be53bfbd9edef85) Importer(815301076,1909f56bfc062723c751e8b465ee728b)
Start importing Assets/Materials/BreakBrick.mat using Guid(1416792803e171d42be53bfbd9edef85) Importer(815301076,1909f56bfc062723c751e8b465ee728b)  -> (artifact id: '28d835fac54cda38ae3563427ae87c72') in 0.046380 seconds
  Import took 0.057185 seconds .

========================================================================
Received Import Request.
  Time since last request: 12.520492 seconds.
  path: Assets/Prefabs/BreakSplat.prefab
  artifactKey: Guid(ac195ef17e014ed45b3b73097e836973) Importer(815301076,1909f56bfc062723c751e8b465ee728b)
Start importing Assets/Prefabs/BreakSplat.prefab using Guid(ac195ef17e014ed45b3b73097e836973) Importer(815301076,1909f56bfc062723c751e8b465ee728b)  -> (artifact id: '625341f7f9f3fb9690fad5625afadd1a') in 0.070040 seconds
  Import took 0.079848 seconds .

========================================================================
Received Import Request.
  Time since last request: 14.678402 seconds.
  path: Assets/Prefabs/BreakDecal.prefab
  artifactKey: Guid(9d5f6876903e4b949a5fa46261cd7b72) Importer(815301076,1909f56bfc062723c751e8b465ee728b)
Start importing Assets/Prefabs/BreakDecal.prefab using Guid(9d5f6876903e4b949a5fa46261cd7b72) Importer(815301076,1909f56bfc062723c751e8b465ee728b)  -> (artifact id: '6a942a4ee3c1e359a5ff7371c7fe6cb1') in 0.015973 seconds
  Import took 0.024067 seconds .

========================================================================
Received Prepare
Registering precompiled user dll's ...
Registered in 0.002239 seconds.
Begin MonoManager ReloadAssembly
Native extension for WindowsStandalone target not found
Native extension for WebGL target not found
Refreshing native plugins compatible for Editor in 0.67 ms, found 0 plugins.
Preloading 0 native plugins for Editor in 0.00 ms.
Invoked RoslynAnalysisRunner static constructor.
RoslynAnalysisRunner will not be running.
RoslynAnalysisRunner has terminated.
Mono: successfully reloaded assembly
- Completed reload, in  1.727 seconds
Platform modules already initialized, skipping
Refreshing native plugins compatible for Editor in 0.73 ms, found 0 plugins.
Preloading 0 native plugins for Editor in 0.00 ms.
Unloading 3072 Unused Serialized files (Serialized files now loaded: 0)
System memory in use before: 167.1 MB.
System memory in use after: 167.3 MB.

Unloading 5 unused Assets to reduce memory usage. Loaded Objects now: 4554.
Total: 4.628800 ms (FindLiveObjects: 0.511500 ms CreateObjectMapping: 0.243600 ms MarkObjects: 3.848100 ms  DeleteObjects: 0.024200 ms)

========================================================================
Received Prepare
Registering precompiled user dll's ...
Registered in 0.002204 seconds.
Begin MonoManager ReloadAssembly
Native extension for WindowsStandalone target not found
Native extension for WebGL target not found
Refreshing native plugins compatible for Editor in 0.67 ms, found 0 plugins.
Preloading 0 native plugins for Editor in 0.00 ms.
Invoked RoslynAnalysisRunner static constructor.
RoslynAnalysisRunner will not be running.
RoslynAnalysisRunner has terminated.
Mono: successfully reloaded assembly
- Completed reload, in  1.678 seconds
Platform modules already initialized, skipping
Refreshing native plugins compatible for Editor in 0.70 ms, found 0 plugins.
Preloading 0 native plugins for Editor in 0.00 ms.
Unloading 3072 Unused Serialized files (Serialized files now loaded: 0)
System memory in use before: 167.1 MB.
System memory in use after: 167.3 MB.

Unloading 5 unused Assets to reduce memory usage. Loaded Objects now: 4556.
Total: 4.780500 ms (FindLiveObjects: 0.523800 ms CreateObjectMapping: 0.283100 ms MarkObjects: 3.947500 ms  DeleteObjects: 0.024600 ms)

========================================================================
Received Prepare
Registering precompiled user dll's ...
Registered in 0.002219 seconds.
Begin MonoManager ReloadAssembly
Native extension for WindowsStandalone target not found
Native extension for WebGL target not found
Refreshing native plugins compatible for Editor in 0.68 ms, found 0 plugins.
Preloading 0 native plugins for Editor in 0.00 ms.
Invoked RoslynAnalysisRunner static constructor.
RoslynAnalysisRunner will not be running.
RoslynAnalysisRunner has terminated.
Mono: successfully reloaded assembly
- Completed reload, in  1.693 seconds
Platform modules already initialized, skipping
Refreshing native plugins compatible for Editor in 0.71 ms, found 0 plugins.
Preloading 0 native plugins for Editor in 0.00 ms.
Unloading 3072 Unused Serialized files (Serialized files now loaded: 0)
System memory in use before: 167.1 MB.
System memory in use after: 167.4 MB.

Unloading 5 unused Assets to reduce memory usage. Loaded Objects now: 4558.
Total: 4.772400 ms (FindLiveObjects: 0.516300 ms CreateObjectMapping: 0.316300 ms MarkObjects: 3.913900 ms  DeleteObjects: 0.024300 ms)

========================================================================
Received Prepare
Registering precompiled user dll's ...
Registered in 0.002315 seconds.
Begin MonoManager ReloadAssembly
Native extension for WindowsStandalone target not found
Native extension for WebGL target not found
Refreshing native plugins compatible for Editor in 0.68 ms, found 0 plugins.
Preloading 0 native plugins for Editor in 0.00 ms.
Invoked RoslynAnalysisRunner static constructor.
RoslynAnalysisRunner will not be running.
RoslynAnalysisRunner has terminated.
Mono: successfully reloaded assembly
- Completed reload, in  1.900 seconds
Platform modules already initialized, skipping
Refreshing native plugins compatible for Editor in 0.72 ms, found 0 plugins.
Preloading 0 native plugins for Editor in 0.00 ms.
Unloading 3072 Unused Serialized files (Serialized files now loaded: 0)
System memory in use before: 167.1 MB.
System memory in use after: 167.4 MB.

Unloading 5 unused Assets to reduce memory usage. Loaded Objects now: 4560.
Total: 4.687600 ms (FindLiveObjects: 0.519200 ms CreateObjectMapping: 0.226700 ms MarkObjects: 3.913600 ms  DeleteObjects: 0.026700 ms)

========================================================================
Received Prepare
Registering precompiled user dll's ...
Registered in 0.002238 seconds.
Begin MonoManager ReloadAssembly
Native extension for WindowsStandalone target not found
Native extension for WebGL target not found
Refreshing native plugins compatible for Editor in 0.68 ms, found 0 plugins.
Preloading 0 native plugins for Editor in 0.00 ms.
Invoked RoslynAnalysisRunner static constructor.
RoslynAnalysisRunner will not be running.
RoslynAnalysisRunner has terminated.
Mono: successfully reloaded assembly
- Completed reload, in  1.689 seconds
Platform modules already initialized, skipping
Refreshing native plugins compatible for Editor in 0.69 ms, found 0 plugins.
Preloading 0 native plugins for Editor in 0.00 ms.
Unloading 3072 Unused Serialized files (Serialized files now loaded: 0)
System memory in use before: 167.1 MB.
System memory in use after: 167.3 MB.

Unloading 5 unused Assets to reduce memory usage. Loaded Objects now: 4562.
Total: 4.762600 ms (FindLiveObjects: 0.555900 ms CreateObjectMapping: 0.303200 ms MarkObjects: 3.877600 ms  DeleteObjects: 0.024200 ms)

========================================================================
Received Prepare
Registering precompiled user dll's ...
Registered in 0.002345 seconds.
Begin MonoManager ReloadAssembly
Native extension for WindowsStandalone target not found
Native extension for WebGL target not found
Refreshing native plugins compatible for Editor in 0.73 ms, found 0 plugins.
Preloading 0 native plugins for Editor in 0.00 ms.
Invoked RoslynAnalysisRunner static constructor.
RoslynAnalysisRunner will not be running.
RoslynAnalysisRunner has terminated.
Mono: successfully reloaded assembly
- Completed reload, in  1.810 seconds
Platform modules already initialized, skipping
Refreshing native plugins compatible for Editor in 0.73 ms, found 0 plugins.
Preloading 0 native plugins for Editor in 0.00 ms.
Unloading 3072 Unused Serialized files (Serialized files now loaded: 0)
System memory in use before: 167.1 MB.
System memory in use after: 167.4 MB.

Unloading 5 unused Assets to reduce memory usage. Loaded Objects now: 4564.
Total: 5.219600 ms (FindLiveObjects: 0.874900 ms CreateObjectMapping: 0.334500 ms MarkObjects: 3.983200 ms  DeleteObjects: 0.025200 ms)

========================================================================
Received Prepare
Registering precompiled user dll's ...
Registered in 0.002371 seconds.
Begin MonoManager ReloadAssembly
Native extension for WindowsStandalone target not found
Native extension for WebGL target not found
Refreshing native plugins compatible for Editor in 0.71 ms, found 0 plugins.
Preloading 0 native plugins for Editor in 0.00 ms.
Invoked RoslynAnalysisRunner static constructor.
RoslynAnalysisRunner will not be running.
RoslynAnalysisRunner has terminated.
Mono: successfully reloaded assembly
- Completed reload, in  1.700 seconds
Platform modules already initialized, skipping
Refreshing native plugins compatible for Editor in 0.68 ms, found 0 plugins.
Preloading 0 native plugins for Editor in 0.00 ms.
Unloading 3072 Unused Serialized files (Serialized files now loaded: 0)
System memory in use before: 167.1 MB.
System memory in use after: 167.3 MB.

Unloading 5 unused Assets to reduce memory usage. Loaded Objects now: 4566.
Total: 4.269400 ms (FindLiveObjects: 0.508500 ms CreateObjectMapping: 0.253200 ms MarkObjects: 3.482800 ms  DeleteObjects: 0.023800 ms)

========================================================================
Received Prepare
Registering precompiled user dll's ...
Registered in 0.002200 seconds.
Begin MonoManager ReloadAssembly
Native extension for WindowsStandalone target not found
Native extension for WebGL target not found
Refreshing native plugins compatible for Editor in 0.87 ms, found 0 plugins.
Preloading 0 native plugins for Editor in 0.00 ms.
Invoked RoslynAnalysisRunner static constructor.
RoslynAnalysisRunner will not be running.
RoslynAnalysisRunner has terminated.
Mono: successfully reloaded assembly
- Completed reload, in  1.704 seconds
Platform modules already initialized, skipping
Refreshing native plugins compatible for Editor in 0.71 ms, found 0 plugins.
Preloading 0 native plugins for Editor in 0.00 ms.
Unloading 3072 Unused Serialized files (Serialized files now loaded: 0)
System memory in use before: 167.1 MB.
System memory in use after: 167.4 MB.

Unloading 5 unused Assets to reduce memory usage. Loaded Objects now: 4568.
Total: 4.681300 ms (FindLiveObjects: 0.566700 ms CreateObjectMapping: 0.236300 ms MarkObjects: 3.852000 ms  DeleteObjects: 0.025000 ms)

========================================================================
Received Prepare
Registering precompiled user dll's ...
Registered in 0.002258 seconds.
Begin MonoManager ReloadAssembly
Native extension for WindowsStandalone target not found
Native extension for WebGL target not found
Refreshing native plugins compatible for Editor in 0.69 ms, found 0 plugins.
Preloading 0 native plugins for Editor in 0.00 ms.
Invoked RoslynAnalysisRunner static constructor.
RoslynAnalysisRunner will not be running.
RoslynAnalysisRunner has terminated.
Mono: successfully reloaded assembly
- Completed reload, in  1.686 seconds
Platform modules already initialized, skipping
Refreshing native plugins compatible for Editor in 0.69 ms, found 0 plugins.
Preloading 0 native plugins for Editor in 0.00 ms.
Unloading 3072 Unused Serialized files (Serialized files now loaded: 0)
System memory in use before: 167.1 MB.
System memory in use after: 167.4 MB.

Unloading 5 unused Assets to reduce memory usage. Loaded Objects now: 4570.
Total: 4.809400 ms (FindLiveObjects: 0.510800 ms CreateObjectMapping: 0.232000 ms MarkObjects: 4.040600 ms  DeleteObjects: 0.024900 ms)

========================================================================
Received Prepare
Registering precompiled user dll's ...
Registered in 0.002278 seconds.
Begin MonoManager ReloadAssembly
Native extension for WindowsStandalone target not found
Native extension for WebGL target not found
Refreshing native plugins compatible for Editor in 0.70 ms, found 0 plugins.
Preloading 0 native plugins for Editor in 0.00 ms.
Invoked RoslynAnalysisRunner static constructor.
RoslynAnalysisRunner will not be running.
RoslynAnalysisRunner has terminated.
Mono: successfully reloaded assembly
- Completed reload, in  1.832 seconds
Platform modules already initialized, skipping
Refreshing native plugins compatible for Editor in 0.71 ms, found 0 plugins.
Preloading 0 native plugins for Editor in 0.00 ms.
Unloading 3072 Unused Serialized files (Serialized files now loaded: 0)
System memory in use before: 167.1 MB.
System memory in use after: 167.4 MB.

Unloading 5 unused Assets to reduce memory usage. Loaded Objects now: 4572.
Total: 4.736800 ms (FindLiveObjects: 0.512200 ms CreateObjectMapping: 0.324800 ms MarkObjects: 3.869100 ms  DeleteObjects: 0.029400 ms)

========================================================================
Received Prepare
Registering precompiled user dll's ...
Registered in 0.002268 seconds.
Begin MonoManager ReloadAssembly
Native extension for WindowsStandalone target not found
Native extension for WebGL target not found
Refreshing native plugins compatible for Editor in 0.75 ms, found 0 plugins.
Preloading 0 native plugins for Editor in 0.00 ms.
Invoked RoslynAnalysisRunner static constructor.
RoslynAnalysisRunner will not be running.
RoslynAnalysisRunner has terminated.
Mono: successfully reloaded assembly
- Completed reload, in  1.702 seconds
Platform modules already initialized, skipping
Refreshing native plugins compatible for Editor in 0.70 ms, found 0 plugins.
Preloading 0 native plugins for Editor in 0.00 ms.
Unloading 3072 Unused Serialized files (Serialized files now loaded: 0)
System memory in use before: 167.2 MB.
System memory in use after: 167.4 MB.

Unloading 5 unused Assets to reduce memory usage. Loaded Objects now: 4574.
Total: 4.851200 ms (FindLiveObjects: 0.515900 ms CreateObjectMapping: 0.243600 ms MarkObjects: 4.066400 ms  DeleteObjects: 0.024200 ms)

========================================================================
Received Prepare
Registering precompiled user dll's ...
Registered in 0.002263 seconds.
Begin MonoManager ReloadAssembly
Native extension for WindowsStandalone target not found
Native extension for WebGL target not found
Refreshing native plugins compatible for Editor in 0.71 ms, found 0 plugins.
Preloading 0 native plugins for Editor in 0.00 ms.
Invoked RoslynAnalysisRunner static constructor.
RoslynAnalysisRunner will not be running.
RoslynAnalysisRunner has terminated.
Mono: successfully reloaded assembly
- Completed reload, in  1.868 seconds
Platform modules already initialized, skipping
Refreshing native plugins compatible for Editor in 0.72 ms, found 0 plugins.
Preloading 0 native plugins for Editor in 0.00 ms.
Unloading 3072 Unused Serialized files (Serialized files now loaded: 0)
System memory in use before: 167.1 MB.
System memory in use after: 167.4 MB.

Unloading 5 unused Assets to reduce memory usage. Loaded Objects now: 4576.
Total: 4.997400 ms (FindLiveObjects: 0.731200 ms CreateObjectMapping: 0.311400 ms MarkObjects: 3.928100 ms  DeleteObjects: 0.025300 ms)

========================================================================
Received Prepare
Registering precompiled user dll's ...
Registered in 0.002269 seconds.
Begin MonoManager ReloadAssembly
Native extension for WindowsStandalone target not found
Native extension for WebGL target not found
Refreshing native plugins compatible for Editor in 0.70 ms, found 0 plugins.
Preloading 0 native plugins for Editor in 0.00 ms.
Invoked RoslynAnalysisRunner static constructor.
RoslynAnalysisRunner will not be running.
RoslynAnalysisRunner has terminated.
Mono: successfully reloaded assembly
- Completed reload, in  1.691 seconds
Platform modules already initialized, skipping
Refreshing native plugins compatible for Editor in 0.71 ms, found 0 plugins.
Preloading 0 native plugins for Editor in 0.00 ms.
Unloading 3072 Unused Serialized files (Serialized files now loaded: 0)
System memory in use before: 167.2 MB.
System memory in use after: 167.4 MB.

Unloading 5 unused Assets to reduce memory usage. Loaded Objects now: 4578.
Total: 4.841800 ms (FindLiveObjects: 0.478000 ms CreateObjectMapping: 0.239100 ms MarkObjects: 4.094700 ms  DeleteObjects: 0.028800 ms)

========================================================================
Received Prepare
Registering precompiled user dll's ...
Registered in 0.002237 seconds.
Begin MonoManager ReloadAssembly
Native extension for WindowsStandalone target not found
Native extension for WebGL target not found
Refreshing native plugins compatible for Editor in 0.72 ms, found 0 plugins.
Preloading 0 native plugins for Editor in 0.00 ms.
Invoked RoslynAnalysisRunner static constructor.
RoslynAnalysisRunner will not be running.
RoslynAnalysisRunner has terminated.
Mono: successfully reloaded assembly
- Completed reload, in  1.863 seconds
Platform modules already initialized, skipping
Refreshing native plugins compatible for Editor in 0.74 ms, found 0 plugins.
Preloading 0 native plugins for Editor in 0.00 ms.
Unloading 3072 Unused Serialized files (Serialized files now loaded: 0)
System memory in use before: 167.2 MB.
System memory in use after: 167.4 MB.

Unloading 5 unused Assets to reduce memory usage. Loaded Objects now: 4580.
Total: 5.144800 ms (FindLiveObjects: 0.498800 ms CreateObjectMapping: 0.271900 ms MarkObjects: 4.346400 ms  DeleteObjects: 0.026200 ms)

========================================================================
Received Prepare
Registering precompiled user dll's ...
Registered in 0.003230 seconds.
Begin MonoManager ReloadAssembly
Native extension for WindowsStandalone target not found
Native extension for WebGL target not found
Refreshing native plugins compatible for Editor in 0.71 ms, found 0 plugins.
Preloading 0 native plugins for Editor in 0.00 ms.
Invoked RoslynAnalysisRunner static constructor.
RoslynAnalysisRunner will not be running.
RoslynAnalysisRunner has terminated.
Mono: successfully reloaded assembly
- Completed reload, in  1.712 seconds
Platform modules already initialized, skipping
Refreshing native plugins compatible for Editor in 0.71 ms, found 0 plugins.
Preloading 0 native plugins for Editor in 0.00 ms.
Unloading 3072 Unused Serialized files (Serialized files now loaded: 0)
System memory in use before: 167.2 MB.
System memory in use after: 167.4 MB.

Unloading 5 unused Assets to reduce memory usage. Loaded Objects now: 4582.
Total: 4.579000 ms (FindLiveObjects: 0.493300 ms CreateObjectMapping: 0.247500 ms MarkObjects: 3.812900 ms  DeleteObjects: 0.024300 ms)

========================================================================
Received Prepare
Registering precompiled user dll's ...
Registered in 0.002273 seconds.
Begin MonoManager ReloadAssembly
Native extension for WindowsStandalone target not found
Native extension for WebGL target not found
Refreshing native plugins compatible for Editor in 0.69 ms, found 0 plugins.
Preloading 0 native plugins for Editor in 0.00 ms.
Invoked RoslynAnalysisRunner static constructor.
RoslynAnalysisRunner will not be running.
RoslynAnalysisRunner has terminated.
Mono: successfully reloaded assembly
- Completed reload, in  1.906 seconds
Platform modules already initialized, skipping
Refreshing native plugins compatible for Editor in 0.71 ms, found 0 plugins.
Preloading 0 native plugins for Editor in 0.00 ms.
Unloading 3072 Unused Serialized files (Serialized files now loaded: 0)
System memory in use before: 167.2 MB.
System memory in use after: 167.5 MB.

Unloading 5 unused Assets to reduce memory usage. Loaded Objects now: 4584.
Total: 5.290800 ms (FindLiveObjects: 0.858600 ms CreateObjectMapping: 0.351900 ms MarkObjects: 4.051700 ms  DeleteObjects: 0.026200 ms)

========================================================================
Received Prepare
Registering precompiled user dll's ...
Registered in 0.002230 seconds.
Begin MonoManager ReloadAssembly
Native extension for WindowsStandalone target not found
Native extension for WebGL target not found
Refreshing native plugins compatible for Editor in 0.68 ms, found 0 plugins.
Preloading 0 native plugins for Editor in 0.00 ms.
Invoked RoslynAnalysisRunner static constructor.
RoslynAnalysisRunner will not be running.
RoslynAnalysisRunner has terminated.
Mono: successfully reloaded assembly
- Completed reload, in  1.675 seconds
Platform modules already initialized, skipping
Refreshing native plugins compatible for Editor in 0.70 ms, found 0 plugins.
Preloading 0 native plugins for Editor in 0.00 ms.
Unloading 3072 Unused Serialized files (Serialized files now loaded: 0)
System memory in use before: 167.2 MB.
System memory in use after: 167.4 MB.

Unloading 5 unused Assets to reduce memory usage. Loaded Objects now: 4586.
Total: 4.488000 ms (FindLiveObjects: 0.518300 ms CreateObjectMapping: 0.228900 ms MarkObjects: 3.714700 ms  DeleteObjects: 0.025000 ms)

========================================================================
Received Prepare
Registering precompiled user dll's ...
Registered in 0.002216 seconds.
Begin MonoManager ReloadAssembly
Native extension for WindowsStandalone target not found
Native extension for WebGL target not found
Refreshing native plugins compatible for Editor in 0.69 ms, found 0 plugins.
Preloading 0 native plugins for Editor in 0.00 ms.
Invoked RoslynAnalysisRunner static constructor.
RoslynAnalysisRunner will not be running.
RoslynAnalysisRunner has terminated.
Mono: successfully reloaded assembly
- Completed reload, in  1.681 seconds
Platform modules already initialized, skipping
Refreshing native plugins compatible for Editor in 0.69 ms, found 0 plugins.
Preloading 0 native plugins for Editor in 0.00 ms.
Unloading 3072 Unused Serialized files (Serialized files now loaded: 0)
System memory in use before: 167.2 MB.
System memory in use after: 167.5 MB.

Unloading 5 unused Assets to reduce memory usage. Loaded Objects now: 4588.
Total: 4.869900 ms (FindLiveObjects: 0.538500 ms CreateObjectMapping: 0.298500 ms MarkObjects: 4.005700 ms  DeleteObjects: 0.025800 ms)

========================================================================
Received Prepare
Registering precompiled user dll's ...
Registered in 0.002217 seconds.
Begin MonoManager ReloadAssembly
Native extension for WindowsStandalone target not found
Native extension for WebGL target not found
Refreshing native plugins compatible for Editor in 0.74 ms, found 0 plugins.
Preloading 0 native plugins for Editor in 0.00 ms.
Invoked RoslynAnalysisRunner static constructor.
RoslynAnalysisRunner will not be running.
RoslynAnalysisRunner has terminated.
Mono: successfully reloaded assembly
- Completed reload, in  1.714 seconds
Platform modules already initialized, skipping
Refreshing native plugins compatible for Editor in 0.73 ms, found 0 plugins.
Preloading 0 native plugins for Editor in 0.00 ms.
Unloading 3072 Unused Serialized files (Serialized files now loaded: 0)
System memory in use before: 167.2 MB.
System memory in use after: 167.5 MB.

Unloading 5 unused Assets to reduce memory usage. Loaded Objects now: 4590.
Total: 4.531500 ms (FindLiveObjects: 0.442300 ms CreateObjectMapping: 0.193300 ms MarkObjects: 3.871200 ms  DeleteObjects: 0.023500 ms)

========================================================================
Received Prepare
Registering precompiled user dll's ...
Registered in 0.002227 seconds.
Begin MonoManager ReloadAssembly
Native extension for WindowsStandalone target not found
Native extension for WebGL target not found
Refreshing native plugins compatible for Editor in 0.68 ms, found 0 plugins.
Preloading 0 native plugins for Editor in 0.00 ms.
Invoked RoslynAnalysisRunner static constructor.
RoslynAnalysisRunner will not be running.
RoslynAnalysisRunner has terminated.
Mono: successfully reloaded assembly
- Completed reload, in  1.679 seconds
Platform modules already initialized, skipping
Refreshing native plugins compatible for Editor in 0.69 ms, found 0 plugins.
Preloading 0 native plugins for Editor in 0.00 ms.
Unloading 3072 Unused Serialized files (Serialized files now loaded: 0)
System memory in use before: 167.2 MB.
System memory in use after: 167.5 MB.

Unloading 5 unused Assets to reduce memory usage. Loaded Objects now: 4592.
Total: 4.719100 ms (FindLiveObjects: 0.745900 ms CreateObjectMapping: 0.321200 ms MarkObjects: 3.625500 ms  DeleteObjects: 0.025100 ms)

========================================================================
Received Prepare
Registering precompiled user dll's ...
Registered in 0.002521 seconds.
Begin MonoManager ReloadAssembly
Native extension for WindowsStandalone target not found
Native extension for WebGL target not found
Refreshing native plugins compatible for Editor in 0.69 ms, found 0 plugins.
Preloading 0 native plugins for Editor in 0.00 ms.
Invoked RoslynAnalysisRunner static constructor.
RoslynAnalysisRunner will not be running.
RoslynAnalysisRunner has terminated.
Mono: successfully reloaded assembly
- Completed reload, in  1.709 seconds
Platform modules already initialized, skipping
Refreshing native plugins compatible for Editor in 0.70 ms, found 0 plugins.
Preloading 0 native plugins for Editor in 0.00 ms.
Unloading 3072 Unused Serialized files (Serialized files now loaded: 0)
System memory in use before: 167.2 MB.
System memory in use after: 167.5 MB.

Unloading 5 unused Assets to reduce memory usage. Loaded Objects now: 4594.
Total: 4.727300 ms (FindLiveObjects: 0.503600 ms CreateObjectMapping: 0.266200 ms MarkObjects: 3.930300 ms  DeleteObjects: 0.025900 ms)

========================================================================
Received Prepare
Registering precompiled user dll's ...
Registered in 0.002259 seconds.
Begin MonoManager ReloadAssembly
Native extension for WindowsStandalone target not found
Native extension for WebGL target not found
Refreshing native plugins compatible for Editor in 0.71 ms, found 0 plugins.
Preloading 0 native plugins for Editor in 0.00 ms.
Invoked RoslynAnalysisRunner static constructor.
RoslynAnalysisRunner will not be running.
RoslynAnalysisRunner has terminated.
Mono: successfully reloaded assembly
- Completed reload, in  1.691 seconds
Platform modules already initialized, skipping
Refreshing native plugins compatible for Editor in 0.71 ms, found 0 plugins.
Preloading 0 native plugins for Editor in 0.00 ms.
Unloading 3072 Unused Serialized files (Serialized files now loaded: 0)
System memory in use before: 167.2 MB.
System memory in use after: 167.5 MB.

Unloading 5 unused Assets to reduce memory usage. Loaded Objects now: 4596.
Total: 4.462300 ms (FindLiveObjects: 0.522300 ms CreateObjectMapping: 0.225500 ms MarkObjects: 3.686300 ms  DeleteObjects: 0.027000 ms)

========================================================================
Received Prepare
Registering precompiled user dll's ...
Registered in 0.002266 seconds.
Begin MonoManager ReloadAssembly
Native extension for WindowsStandalone target not found
Native extension for WebGL target not found
Refreshing native plugins compatible for Editor in 0.70 ms, found 0 plugins.
Preloading 0 native plugins for Editor in 0.00 ms.
Invoked RoslynAnalysisRunner static constructor.
RoslynAnalysisRunner will not be running.
RoslynAnalysisRunner has terminated.
Mono: successfully reloaded assembly
- Completed reload, in  1.983 seconds
Platform modules already initialized, skipping
Refreshing native plugins compatible for Editor in 1.10 ms, found 0 plugins.
Preloading 0 native plugins for Editor in 0.00 ms.
Unloading 3072 Unused Serialized files (Serialized files now loaded: 0)
System memory in use before: 167.3 MB.
System memory in use after: 167.5 MB.

Unloading 5 unused Assets to reduce memory usage. Loaded Objects now: 4598.
Total: 4.865500 ms (FindLiveObjects: 0.536600 ms CreateObjectMapping: 0.294200 ms MarkObjects: 3.992300 ms  DeleteObjects: 0.040900 ms)

========================================================================
Received Prepare
Registering precompiled user dll's ...
Registered in 0.002314 seconds.
Begin MonoManager ReloadAssembly
Native extension for WindowsStandalone target not found
Native extension for WebGL target not found
Refreshing native plugins compatible for Editor in 0.67 ms, found 0 plugins.
Preloading 0 native plugins for Editor in 0.00 ms.
Invoked RoslynAnalysisRunner static constructor.
RoslynAnalysisRunner will not be running.
RoslynAnalysisRunner has terminated.
Mono: successfully reloaded assembly
- Completed reload, in  1.693 seconds
Platform modules already initialized, skipping
Refreshing native plugins compatible for Editor in 0.70 ms, found 0 plugins.
Preloading 0 native plugins for Editor in 0.00 ms.
Unloading 3072 Unused Serialized files (Serialized files now loaded: 0)
System memory in use before: 167.3 MB.
System memory in use after: 167.5 MB.

Unloading 5 unused Assets to reduce memory usage. Loaded Objects now: 4600.
Total: 4.744300 ms (FindLiveObjects: 0.521600 ms CreateObjectMapping: 0.218200 ms MarkObjects: 3.979100 ms  DeleteObjects: 0.024400 ms)

========================================================================
Received Prepare
Registering precompiled user dll's ...
Registered in 0.003368 seconds.
Begin MonoManager ReloadAssembly
Native extension for WindowsStandalone target not found
Native extension for WebGL target not found
Refreshing native plugins compatible for Editor in 0.72 ms, found 0 plugins.
Preloading 0 native plugins for Editor in 0.00 ms.
Invoked RoslynAnalysisRunner static constructor.
RoslynAnalysisRunner will not be running.
RoslynAnalysisRunner has terminated.
Mono: successfully reloaded assembly
- Completed reload, in  1.908 seconds
Platform modules already initialized, skipping
Refreshing native plugins compatible for Editor in 0.72 ms, found 0 plugins.
Preloading 0 native plugins for Editor in 0.00 ms.
Unloading 3072 Unused Serialized files (Serialized files now loaded: 0)
System memory in use before: 167.2 MB.
System memory in use after: 167.5 MB.

Unloading 5 unused Assets to reduce memory usage. Loaded Objects now: 4602.
Total: 4.902200 ms (FindLiveObjects: 0.566100 ms CreateObjectMapping: 0.358900 ms MarkObjects: 3.950700 ms  DeleteObjects: 0.024900 ms)

========================================================================
Received Import Request.
  Time since last request: 1259.703394 seconds.
  path: Assets/Prefabs/BreakDecal.prefab
  artifactKey: Guid(9d5f6876903e4b949a5fa46261cd7b72) Importer(815301076,1909f56bfc062723c751e8b465ee728b)
Start importing Assets/Prefabs/BreakDecal.prefab using Guid(9d5f6876903e4b949a5fa46261cd7b72) Importer(815301076,1909f56bfc062723c751e8b465ee728b)  -> (artifact id: '9bc1e924861e7cd4749ed75d3c428a5a') in 0.046734 seconds
  Import took 0.054750 seconds .

========================================================================
Received Import Request.
  Time since last request: 1.855233 seconds.
  path: Assets/Prefabs/BreakDecal.prefab
  artifactKey: Guid(9d5f6876903e4b949a5fa46261cd7b72) Importer(815301076,1909f56bfc062723c751e8b465ee728b)
Start importing Assets/Prefabs/BreakDecal.prefab using Guid(9d5f6876903e4b949a5fa46261cd7b72) Importer(815301076,1909f56bfc062723c751e8b465ee728b)  -> (artifact id: '9ec5301022cfb924e8148f3e0673a586') in 0.007368 seconds
  Import took 0.016227 seconds .

========================================================================
Received Import Request.
  Time since last request: 0.027502 seconds.
  path: Assets/Prefabs/BreakDecal.prefab
  artifactKey: Guid(9d5f6876903e4b949a5fa46261cd7b72) Importer(815301076,1909f56bfc062723c751e8b465ee728b)
Start importing Assets/Prefabs/BreakDecal.prefab using Guid(9d5f6876903e4b949a5fa46261cd7b72) Importer(815301076,1909f56bfc062723c751e8b465ee728b)  -> (artifact id: '9ec5301022cfb924e8148f3e0673a586') in 0.008040 seconds
  Import took 0.016626 seconds .

========================================================================
Received Prepare
Registering precompiled user dll's ...
Registered in 0.002241 seconds.
Begin MonoManager ReloadAssembly
Native extension for WindowsStandalone target not found
Native extension for WebGL target not found
Refreshing native plugins compatible for Editor in 0.73 ms, found 0 plugins.
Preloading 0 native plugins for Editor in 0.00 ms.
Invoked RoslynAnalysisRunner static constructor.
RoslynAnalysisRunner will not be running.
RoslynAnalysisRunner has terminated.
Mono: successfully reloaded assembly
- Completed reload, in  1.732 seconds
Platform modules already initialized, skipping
Refreshing native plugins compatible for Editor in 0.70 ms, found 0 plugins.
Preloading 0 native plugins for Editor in 0.00 ms.
Unloading 3072 Unused Serialized files (Serialized files now loaded: 0)
System memory in use before: 167.3 MB.
System memory in use after: 167.5 MB.

Unloading 5 unused Assets to reduce memory usage. Loaded Objects now: 4604.
Total: 4.630500 ms (FindLiveObjects: 0.522000 ms CreateObjectMapping: 0.269200 ms MarkObjects: 3.810700 ms  DeleteObjects: 0.027000 ms)

========================================================================
Received Prepare
Registering precompiled user dll's ...
Registered in 0.002224 seconds.
Begin MonoManager ReloadAssembly
Native extension for WindowsStandalone target not found
Native extension for WebGL target not found
Refreshing native plugins compatible for Editor in 0.69 ms, found 0 plugins.
Preloading 0 native plugins for Editor in 0.00 ms.
Invoked RoslynAnalysisRunner static constructor.
RoslynAnalysisRunner will not be running.
RoslynAnalysisRunner has terminated.
Mono: successfully reloaded assembly
- Completed reload, in  1.683 seconds
Platform modules already initialized, skipping
Refreshing native plugins compatible for Editor in 1.04 ms, found 0 plugins.
Preloading 0 native plugins for Editor in 0.00 ms.
Unloading 3072 Unused Serialized files (Serialized files now loaded: 0)
System memory in use before: 167.2 MB.
System memory in use after: 167.5 MB.

Unloading 5 unused Assets to reduce memory usage. Loaded Objects now: 4606.
Total: 4.932600 ms (FindLiveObjects: 0.490500 ms CreateObjectMapping: 0.249200 ms MarkObjects: 4.166800 ms  DeleteObjects: 0.024700 ms)

========================================================================
Received Prepare
Registering precompiled user dll's ...
Registered in 0.002258 seconds.
Begin MonoManager ReloadAssembly
Native extension for WindowsStandalone target not found
Native extension for WebGL target not found
Refreshing native plugins compatible for Editor in 0.69 ms, found 0 plugins.
Preloading 0 native plugins for Editor in 0.00 ms.
Invoked RoslynAnalysisRunner static constructor.
RoslynAnalysisRunner will not be running.
RoslynAnalysisRunner has terminated.
Mono: successfully reloaded assembly
- Completed reload, in  1.699 seconds
Platform modules already initialized, skipping
Refreshing native plugins compatible for Editor in 0.70 ms, found 0 plugins.
Preloading 0 native plugins for Editor in 0.00 ms.
Unloading 3072 Unused Serialized files (Serialized files now loaded: 0)
System memory in use before: 167.3 MB.
System memory in use after: 167.5 MB.

Unloading 5 unused Assets to reduce memory usage. Loaded Objects now: 4608.
Total: 4.434100 ms (FindLiveObjects: 0.571000 ms CreateObjectMapping: 0.318500 ms MarkObjects: 3.518200 ms  DeleteObjects: 0.024500 ms)

========================================================================
Received Prepare
Registering precompiled user dll's ...
Registered in 0.002603 seconds.
Begin MonoManager ReloadAssembly
Native extension for WindowsStandalone target not found
Native extension for WebGL target not found
Refreshing native plugins compatible for Editor in 0.71 ms, found 0 plugins.
Preloading 0 native plugins for Editor in 0.00 ms.
Invoked RoslynAnalysisRunner static constructor.
RoslynAnalysisRunner will not be running.
RoslynAnalysisRunner has terminated.
Mono: successfully reloaded assembly
- Completed reload, in  1.967 seconds
Platform modules already initialized, skipping
Refreshing native plugins compatible for Editor in 1.12 ms, found 0 plugins.
Preloading 0 native plugins for Editor in 0.00 ms.
Unloading 3072 Unused Serialized files (Serialized files now loaded: 0)
System memory in use before: 167.3 MB.
System memory in use after: 167.5 MB.

Unloading 5 unused Assets to reduce memory usage. Loaded Objects now: 4610.
Total: 4.789500 ms (FindLiveObjects: 0.550800 ms CreateObjectMapping: 0.286300 ms MarkObjects: 3.924500 ms  DeleteObjects: 0.026400 ms)

========================================================================
Received Import Request.
  Time since last request: 586.812154 seconds.
  path: Assets/Textures/damage-decals-high-resolution-decal-damaged-texture_640v640.png
  artifactKey: Guid(156a885aa2bfc4146a9d22f511059859) Importer(815301076,1909f56bfc062723c751e8b465ee728b)
Start importing Assets/Textures/damage-decals-high-resolution-decal-damaged-texture_640v640.png using Guid(156a885aa2bfc4146a9d22f511059859) Importer(815301076,1909f56bfc062723c751e8b465ee728b)  -> (artifact id: 'a9d954e07a4d26aada364b403e20ade4') in 0.071013 seconds
  Import took 0.081809 seconds .

========================================================================
Received Prepare
Registering precompiled user dll's ...
Registered in 0.002283 seconds.
Begin MonoManager ReloadAssembly
Native extension for WindowsStandalone target not found
Native extension for WebGL target not found
Refreshing native plugins compatible for Editor in 0.68 ms, found 0 plugins.
Preloading 0 native plugins for Editor in 0.00 ms.
Invoked RoslynAnalysisRunner static constructor.
RoslynAnalysisRunner will not be running.
RoslynAnalysisRunner has terminated.
Mono: successfully reloaded assembly
- Completed reload, in  1.892 seconds
Platform modules already initialized, skipping
Refreshing native plugins compatible for Editor in 0.70 ms, found 0 plugins.
Preloading 0 native plugins for Editor in 0.00 ms.
Unloading 3072 Unused Serialized files (Serialized files now loaded: 0)
System memory in use before: 167.3 MB.
System memory in use after: 167.5 MB.

Unloading 5 unused Assets to reduce memory usage. Loaded Objects now: 4612.
Total: 5.901900 ms (FindLiveObjects: 0.537500 ms CreateObjectMapping: 0.267400 ms MarkObjects: 5.062700 ms  DeleteObjects: 0.032700 ms)

========================================================================
Received Prepare
Registering precompiled user dll's ...
Registered in 0.002211 seconds.
Begin MonoManager ReloadAssembly
Native extension for WindowsStandalone target not found
Native extension for WebGL target not found
Refreshing native plugins compatible for Editor in 0.72 ms, found 0 plugins.
Preloading 0 native plugins for Editor in 0.00 ms.
Invoked RoslynAnalysisRunner static constructor.
RoslynAnalysisRunner will not be running.
RoslynAnalysisRunner has terminated.
Mono: successfully reloaded assembly
- Completed reload, in  1.691 seconds
Platform modules already initialized, skipping
Refreshing native plugins compatible for Editor in 0.86 ms, found 0 plugins.
Preloading 0 native plugins for Editor in 0.00 ms.
Unloading 3072 Unused Serialized files (Serialized files now loaded: 0)
System memory in use before: 167.3 MB.
System memory in use after: 167.6 MB.

Unloading 5 unused Assets to reduce memory usage. Loaded Objects now: 4614.
Total: 4.464100 ms (FindLiveObjects: 0.503100 ms CreateObjectMapping: 0.204300 ms MarkObjects: 3.730000 ms  DeleteObjects: 0.025400 ms)

========================================================================
Received Prepare
Registering precompiled user dll's ...
Registered in 0.002241 seconds.
Begin MonoManager ReloadAssembly
Native extension for WindowsStandalone target not found
Native extension for WebGL target not found
Refreshing native plugins compatible for Editor in 0.69 ms, found 0 plugins.
Preloading 0 native plugins for Editor in 0.00 ms.
Invoked RoslynAnalysisRunner static constructor.
RoslynAnalysisRunner will not be running.
RoslynAnalysisRunner has terminated.
Mono: successfully reloaded assembly
- Completed reload, in  1.758 seconds
Platform modules already initialized, skipping
Refreshing native plugins compatible for Editor in 0.99 ms, found 0 plugins.
Preloading 0 native plugins for Editor in 0.00 ms.
Unloading 3072 Unused Serialized files (Serialized files now loaded: 0)
System memory in use before: 167.3 MB.
System memory in use after: 167.5 MB.

Unloading 5 unused Assets to reduce memory usage. Loaded Objects now: 4616.
Total: 4.908300 ms (FindLiveObjects: 0.524400 ms CreateObjectMapping: 0.255300 ms MarkObjects: 4.102500 ms  DeleteObjects: 0.025000 ms)

========================================================================
Received Prepare
Registering precompiled user dll's ...
Registered in 0.003253 seconds.
Begin MonoManager ReloadAssembly
Native extension for WindowsStandalone target not found
Native extension for WebGL target not found
Refreshing native plugins compatible for Editor in 0.77 ms, found 0 plugins.
Preloading 0 native plugins for Editor in 0.00 ms.
Invoked RoslynAnalysisRunner static constructor.
RoslynAnalysisRunner will not be running.
RoslynAnalysisRunner has terminated.
Mono: successfully reloaded assembly
- Completed reload, in  1.908 seconds
Platform modules already initialized, skipping
Refreshing native plugins compatible for Editor in 0.78 ms, found 0 plugins.
Preloading 0 native plugins for Editor in 0.00 ms.
Unloading 3072 Unused Serialized files (Serialized files now loaded: 0)
System memory in use before: 167.3 MB.
System memory in use after: 167.6 MB.

Unloading 5 unused Assets to reduce memory usage. Loaded Objects now: 4618.
Total: 4.946600 ms (FindLiveObjects: 0.537800 ms CreateObjectMapping: 0.239100 ms MarkObjects: 4.142200 ms  DeleteObjects: 0.026200 ms)

========================================================================
Received Import Request.
  Time since last request: 1208.823382 seconds.
  path: Assets/Shaders/VerticesOutline_Normal.shader
  artifactKey: Guid(b555fbb7f59b3124b833a714142cdfdb) Importer(815301076,1909f56bfc062723c751e8b465ee728b)
Start importing Assets/Shaders/VerticesOutline_Normal.shader using Guid(b555fbb7f59b3124b833a714142cdfdb) Importer(815301076,1909f56bfc062723c751e8b465ee728b)  -> (artifact id: '300a7e32a6d02ce35f504a6296340e05') in 0.062192 seconds
  Import took 0.081231 seconds .

========================================================================
Received Import Request.
  Time since last request: 0.016355 seconds.
  path: Assets/Shaders/VerticesOutline_Normal.shader
  artifactKey: Guid(b555fbb7f59b3124b833a714142cdfdb) Importer(815301076,1909f56bfc062723c751e8b465ee728b)
Start importing Assets/Shaders/VerticesOutline_Normal.shader using Guid(b555fbb7f59b3124b833a714142cdfdb) Importer(815301076,1909f56bfc062723c751e8b465ee728b)  -> (artifact id: '300a7e32a6d02ce35f504a6296340e05') in 0.005570 seconds
  Import took 0.013362 seconds .

========================================================================
Received Import Request.
  Time since last request: 6.444565 seconds.
  path: Assets/FPSController.prefab
  artifactKey: Guid(ca86112991f492f448b9242dfb373cbd) Importer(815301076,1909f56bfc062723c751e8b465ee728b)
Start importing Assets/FPSController.prefab using Guid(ca86112991f492f448b9242dfb373cbd) Importer(815301076,1909f56bfc062723c751e8b465ee728b)  -> (artifact id: '73ee757fe7023837851924f919966818') in 0.033777 seconds
  Import took 0.042545 seconds .

